DogsApplication/app/build/intermediates/manifest_merge_blame_file/debug/manifest-merger-blame-debug-report.txt
1<?xml version="1.0" encoding="utf-8"?>
2<manifest xmlns:android="http://schemas.android.com/apk/res/android"
3    package="ru.nsu.template"
4    android:versionCode="1"
5    android:versionName="1.0" >
6
7    <uses-sdk
8        android:minSdkVersion="24"
8-->src/main/AndroidManifest.xml
9        android:targetSdkVersion="29" />
9-->src/main/AndroidManifest.xml
10
11    <uses-permission android:name="android.permission.INTERNET" />
11-->src/main/AndroidManifest.xml:5:5-66
11-->src/main/AndroidManifest.xml:5:22-64
12
13    <application
13-->src/main/AndroidManifest.xml:7:5-23:19
14        android:name="ru.nsu.dogs.DogsApplication"
14-->src/main/AndroidManifest.xml:11:9-51
15        android:appComponentFactory="androidx.core.app.CoreComponentFactory"
15-->[androidx.core:core:1.1.0] AndroidManifest.xml:24:18-86
16        android:debuggable="true"
17        android:extractNativeLibs="false"
18        android:icon="@drawable/a"
18-->src/main/AndroidManifest.xml:8:9-35
19        android:label="@string/app_name"
19-->src/main/AndroidManifest.xml:9:9-41
20        android:roundIcon="@mipmap/ic_launcher_round"
20-->src/main/AndroidManifest.xml:10:9-54
21        android:supportsRtl="true"
21-->src/main/AndroidManifest.xml:12:9-35
22        android:testOnly="true"
23        android:theme="@style/AppTheme" >
23-->src/main/AndroidManifest.xml:13:9-40
24        <activity android:name="ru.nsu.dogs.presentation.breeds.BreedsActivity" >
24-->src/main/AndroidManifest.xml:14:9-20:20
24-->src/main/AndroidManifest.xml:14:19-80
25            <intent-filter>
25-->src/main/AndroidManifest.xml:15:13-19:29
26                <action android:name="android.intent.action.MAIN" />
26-->src/main/AndroidManifest.xml:16:17-69
26-->src/main/AndroidManifest.xml:16:25-66
27
28                <category android:name="android.intent.category.LAUNCHER" />
28-->src/main/AndroidManifest.xml:18:17-77
28-->src/main/AndroidManifest.xml:18:27-74
29            </intent-filter>
30        </activity>
31        <activity android:name="ru.nsu.dogs.presentation.breed.BreedActivity" />
31-->src/main/AndroidManifest.xml:21:9-80
31-->src/main/AndroidManifest.xml:21:19-78
32        <activity android:name="ru.nsu.dogs.presentation.subbreed.SubBreedActivity" />
32-->src/main/AndroidManifest.xml:22:9-87
32-->src/main/AndroidManifest.xml:22:19-84
33
34        <provider
34-->[androidx.lifecycle:lifecycle-process:2.2.0] AndroidManifest.xml:25:9-29:43
35            android:name="androidx.lifecycle.ProcessLifecycleOwnerInitializer"
35-->[androidx.lifecycle:lifecycle-process:2.2.0] AndroidManifest.xml:26:13-79
36            android:authorities="ru.nsu.template.lifecycle-process"
36-->[androidx.lifecycle:lifecycle-process:2.2.0] AndroidManifest.xml:27:13-69
37            android:exported="false"
37-->[androidx.lifecycle:lifecycle-process:2.2.0] AndroidManifest.xml:28:13-37
38            android:multiprocess="true" />
38-->[androidx.lifecycle:lifecycle-process:2.2.0] AndroidManifest.xml:29:13-40
39    </application>
40
41</manifest>